{"D:\\Programming\\Upenn\\CIS350\\project-pennpack\\server\\config.js": {"path":"D:\\Programming\\Upenn\\CIS350\\project-pennpack\\server\\config.js","statementMap":{"0":{"start":{"line":5,"column":15},"end":{"line":14,"column":1}},"1":{"start":{"line":16,"column":0},"end":{"line":18,"column":2}},"2":{"start":{"line":17,"column":2},"end":{"line":17,"column":39}}},"fnMap":{"0":{"name":"get","decl":{"start":{"line":16,"column":23},"end":{"line":16,"column":26}},"loc":{"start":{"line":16,"column":32},"end":{"line":18,"column":1}},"line":16}},"branchMap":{"0":{"loc":{"start":{"line":17,"column":9},"end":{"line":17,"column":38}},"type":"binary-expr","locations":[{"start":{"line":17,"column":9},"end":{"line":17,"column":20}},{"start":{"line":17,"column":24},"end":{"line":17,"column":38}}],"line":17}},"s":{"0":1,"1":1,"2":2},"f":{"0":2},"b":{"0":[2,2]},"_coverageSchema":"1a1c01bbd47fc00a2c39e90264f33305004495a9","hash":"41adf488c257c4663c92132a6e701ee1c40f84e2"}
,"D:\\Programming\\Upenn\\CIS350\\project-pennpack\\server\\middlewares\\authenticator.js": {"path":"D:\\Programming\\Upenn\\CIS350\\project-pennpack\\server\\middlewares\\authenticator.js","statementMap":{"0":{"start":{"line":1,"column":12},"end":{"line":1,"column":35}},"1":{"start":{"line":2,"column":19},"end":{"line":2,"column":65}},"2":{"start":{"line":4,"column":21},"end":{"line":18,"column":1}},"3":{"start":{"line":5,"column":20},"end":{"line":5,"column":31}},"4":{"start":{"line":8,"column":2},"end":{"line":10,"column":3}},"5":{"start":{"line":9,"column":4},"end":{"line":9,"column":72}},"6":{"start":{"line":11,"column":2},"end":{"line":17,"column":3}},"7":{"start":{"line":12,"column":23},"end":{"line":12,"column":48}},"8":{"start":{"line":13,"column":4},"end":{"line":13,"column":24}},"9":{"start":{"line":14,"column":4},"end":{"line":14,"column":18}},"10":{"start":{"line":16,"column":4},"end":{"line":16,"column":72}},"11":{"start":{"line":20,"column":0},"end":{"line":20,"column":30}}},"fnMap":{"0":{"name":"(anonymous_0)","decl":{"start":{"line":4,"column":21},"end":{"line":4,"column":22}},"loc":{"start":{"line":4,"column":41},"end":{"line":18,"column":1}},"line":4}},"branchMap":{"0":{"loc":{"start":{"line":8,"column":2},"end":{"line":10,"column":3}},"type":"if","locations":[{"start":{"line":8,"column":2},"end":{"line":10,"column":3}},{"start":{},"end":{}}],"line":8}},"s":{"0":1,"1":1,"2":1,"3":6,"4":6,"5":2,"6":4,"7":4,"8":4,"9":4,"10":0,"11":1},"f":{"0":6},"b":{"0":[2,4]},"_coverageSchema":"1a1c01bbd47fc00a2c39e90264f33305004495a9","hash":"f820b248535c0e905842618a9f1418c7f5b86853"}
,"D:\\Programming\\Upenn\\CIS350\\project-pennpack\\server\\models\\userModel.js": {"path":"D:\\Programming\\Upenn\\CIS350\\project-pennpack\\server\\models\\userModel.js","statementMap":{"0":{"start":{"line":1,"column":17},"end":{"line":1,"column":36}},"1":{"start":{"line":3,"column":19},"end":{"line":3,"column":27}},"2":{"start":{"line":5,"column":15},"end":{"line":5,"column":32}},"3":{"start":{"line":9,"column":19},"end":{"line":18,"column":45}},"4":{"start":{"line":21,"column":0},"end":{"line":26,"column":3}},"5":{"start":{"line":22,"column":2},"end":{"line":25,"column":3}},"6":{"start":{"line":23,"column":17},"end":{"line":23,"column":53}},"7":{"start":{"line":24,"column":4},"end":{"line":24,"column":25}},"8":{"start":{"line":29,"column":0},"end":{"line":37,"column":2}},"9":{"start":{"line":30,"column":2},"end":{"line":36,"column":5}},"10":{"start":{"line":31,"column":4},"end":{"line":35,"column":5}},"11":{"start":{"line":32,"column":6},"end":{"line":32,"column":14}},"12":{"start":{"line":34,"column":6},"end":{"line":34,"column":24}},"13":{"start":{"line":52,"column":13},"end":{"line":52,"column":47}},"14":{"start":{"line":54,"column":0},"end":{"line":54,"column":22}}},"fnMap":{"0":{"name":"hashPass","decl":{"start":{"line":21,"column":38},"end":{"line":21,"column":46}},"loc":{"start":{"line":21,"column":49},"end":{"line":26,"column":1}},"line":21},"1":{"name":"unhashPass","decl":{"start":{"line":29,"column":44},"end":{"line":29,"column":54}},"loc":{"start":{"line":29,"column":69},"end":{"line":37,"column":1}},"line":29},"2":{"name":"(anonymous_2)","decl":{"start":{"line":30,"column":42},"end":{"line":30,"column":43}},"loc":{"start":{"line":30,"column":60},"end":{"line":36,"column":3}},"line":30}},"branchMap":{"0":{"loc":{"start":{"line":22,"column":2},"end":{"line":25,"column":3}},"type":"if","locations":[{"start":{"line":22,"column":2},"end":{"line":25,"column":3}},{"start":{},"end":{}}],"line":22},"1":{"loc":{"start":{"line":31,"column":4},"end":{"line":35,"column":5}},"type":"if","locations":[{"start":{"line":31,"column":4},"end":{"line":35,"column":5}},{"start":{"line":33,"column":11},"end":{"line":35,"column":5}}],"line":31}},"s":{"0":1,"1":1,"2":1,"3":1,"4":1,"5":19,"6":15,"7":15,"8":1,"9":9,"10":9,"11":0,"12":9,"13":1,"14":1},"f":{"0":19,"1":9,"2":9},"b":{"0":[15,4],"1":[0,9]},"_coverageSchema":"1a1c01bbd47fc00a2c39e90264f33305004495a9","hash":"b0f4373635dece3a980792f6ddabd626c0a876f4"}
,"D:\\Programming\\Upenn\\CIS350\\project-pennpack\\server\\routers\\accounts.js": {"path":"D:\\Programming\\Upenn\\CIS350\\project-pennpack\\server\\routers\\accounts.js","statementMap":{"0":{"start":{"line":1,"column":16},"end":{"line":1,"column":34}},"1":{"start":{"line":2,"column":12},"end":{"line":2,"column":35}},"2":{"start":{"line":3,"column":19},"end":{"line":3,"column":65}},"3":{"start":{"line":4,"column":21},"end":{"line":4,"column":60}},"4":{"start":{"line":5,"column":13},"end":{"line":5,"column":43}},"5":{"start":{"line":7,"column":15},"end":{"line":7,"column":31}},"6":{"start":{"line":9,"column":0},"end":{"line":22,"column":3}},"7":{"start":{"line":10,"column":2},"end":{"line":21,"column":3}},"8":{"start":{"line":11,"column":37},"end":{"line":11,"column":40}},"9":{"start":{"line":12,"column":19},"end":{"line":12,"column":51}},"10":{"start":{"line":14,"column":4},"end":{"line":18,"column":5}},"11":{"start":{"line":15,"column":6},"end":{"line":15,"column":56}},"12":{"start":{"line":17,"column":6},"end":{"line":17,"column":67}},"13":{"start":{"line":20,"column":4},"end":{"line":20,"column":14}},"14":{"start":{"line":24,"column":0},"end":{"line":38,"column":3}},"15":{"start":{"line":25,"column":2},"end":{"line":37,"column":3}},"16":{"start":{"line":26,"column":17},"end":{"line":26,"column":48}},"17":{"start":{"line":27,"column":4},"end":{"line":30,"column":5}},"18":{"start":{"line":28,"column":6},"end":{"line":28,"column":56}},"19":{"start":{"line":29,"column":6},"end":{"line":29,"column":13}},"20":{"start":{"line":31,"column":4},"end":{"line":34,"column":7}},"21":{"start":{"line":36,"column":4},"end":{"line":36,"column":14}},"22":{"start":{"line":40,"column":0},"end":{"line":75,"column":3}},"23":{"start":{"line":41,"column":2},"end":{"line":74,"column":3}},"24":{"start":{"line":42,"column":45},"end":{"line":42,"column":48}},"25":{"start":{"line":43,"column":17},"end":{"line":43,"column":49}},"26":{"start":{"line":44,"column":4},"end":{"line":47,"column":5}},"27":{"start":{"line":45,"column":6},"end":{"line":45,"column":56}},"28":{"start":{"line":46,"column":6},"end":{"line":46,"column":13}},"29":{"start":{"line":48,"column":4},"end":{"line":51,"column":5}},"30":{"start":{"line":49,"column":6},"end":{"line":49,"column":67}},"31":{"start":{"line":50,"column":6},"end":{"line":50,"column":13}},"32":{"start":{"line":52,"column":4},"end":{"line":60,"column":5}},"33":{"start":{"line":53,"column":6},"end":{"line":59,"column":7}},"34":{"start":{"line":54,"column":8},"end":{"line":54,"column":26}},"35":{"start":{"line":55,"column":8},"end":{"line":55,"column":26}},"36":{"start":{"line":57,"column":8},"end":{"line":57,"column":61}},"37":{"start":{"line":58,"column":8},"end":{"line":58,"column":15}},"38":{"start":{"line":61,"column":4},"end":{"line":71,"column":7}},"39":{"start":{"line":62,"column":6},"end":{"line":68,"column":7}},"40":{"start":{"line":63,"column":22},"end":{"line":63,"column":60}},"41":{"start":{"line":64,"column":8},"end":{"line":66,"column":60}},"42":{"start":{"line":67,"column":8},"end":{"line":67,"column":15}},"43":{"start":{"line":69,"column":6},"end":{"line":69,"column":25}},"44":{"start":{"line":70,"column":6},"end":{"line":70,"column":84}},"45":{"start":{"line":70,"column":29},"end":{"line":70,"column":82}},"46":{"start":{"line":73,"column":4},"end":{"line":73,"column":14}},"47":{"start":{"line":77,"column":0},"end":{"line":84,"column":3}},"48":{"start":{"line":78,"column":2},"end":{"line":83,"column":3}},"49":{"start":{"line":79,"column":4},"end":{"line":79,"column":38}},"50":{"start":{"line":79,"column":20},"end":{"line":79,"column":38}},"51":{"start":{"line":80,"column":4},"end":{"line":80,"column":74}},"52":{"start":{"line":82,"column":4},"end":{"line":82,"column":14}},"53":{"start":{"line":86,"column":0},"end":{"line":108,"column":3}},"54":{"start":{"line":87,"column":49},"end":{"line":87,"column":52}},"55":{"start":{"line":88,"column":2},"end":{"line":91,"column":3}},"56":{"start":{"line":89,"column":4},"end":{"line":89,"column":68}},"57":{"start":{"line":90,"column":4},"end":{"line":90,"column":11}},"58":{"start":{"line":93,"column":2},"end":{"line":96,"column":3}},"59":{"start":{"line":94,"column":4},"end":{"line":94,"column":64}},"60":{"start":{"line":95,"column":4},"end":{"line":95,"column":11}},"61":{"start":{"line":97,"column":2},"end":{"line":107,"column":3}},"62":{"start":{"line":98,"column":25},"end":{"line":98,"column":57}},"63":{"start":{"line":99,"column":4},"end":{"line":102,"column":5}},"64":{"start":{"line":100,"column":6},"end":{"line":100,"column":65}},"65":{"start":{"line":101,"column":6},"end":{"line":101,"column":13}},"66":{"start":{"line":103,"column":4},"end":{"line":103,"column":52}},"67":{"start":{"line":104,"column":4},"end":{"line":104,"column":54}},"68":{"start":{"line":106,"column":4},"end":{"line":106,"column":14}},"69":{"start":{"line":110,"column":0},"end":{"line":127,"column":3}},"70":{"start":{"line":111,"column":2},"end":{"line":126,"column":3}},"71":{"start":{"line":112,"column":45},"end":{"line":112,"column":48}},"72":{"start":{"line":113,"column":4},"end":{"line":116,"column":5}},"73":{"start":{"line":114,"column":6},"end":{"line":114,"column":70}},"74":{"start":{"line":115,"column":6},"end":{"line":115,"column":13}},"75":{"start":{"line":117,"column":17},"end":{"line":117,"column":49}},"76":{"start":{"line":118,"column":4},"end":{"line":120,"column":5}},"77":{"start":{"line":119,"column":6},"end":{"line":119,"column":61}},"78":{"start":{"line":121,"column":4},"end":{"line":121,"column":29}},"79":{"start":{"line":122,"column":4},"end":{"line":122,"column":22}},"80":{"start":{"line":123,"column":4},"end":{"line":123,"column":58}},"81":{"start":{"line":125,"column":4},"end":{"line":125,"column":14}},"82":{"start":{"line":129,"column":0},"end":{"line":142,"column":3}},"83":{"start":{"line":130,"column":20},"end":{"line":130,"column":31}},"84":{"start":{"line":131,"column":2},"end":{"line":134,"column":3}},"85":{"start":{"line":132,"column":4},"end":{"line":132,"column":57}},"86":{"start":{"line":133,"column":4},"end":{"line":133,"column":11}},"87":{"start":{"line":135,"column":2},"end":{"line":141,"column":3}},"88":{"start":{"line":136,"column":23},"end":{"line":136,"column":48}},"89":{"start":{"line":137,"column":4},"end":{"line":137,"column":24}},"90":{"start":{"line":138,"column":4},"end":{"line":138,"column":55}},"91":{"start":{"line":140,"column":4},"end":{"line":140,"column":14}},"92":{"start":{"line":144,"column":0},"end":{"line":144,"column":24}}},"fnMap":{"0":{"name":"(anonymous_0)","decl":{"start":{"line":9,"column":47},"end":{"line":9,"column":48}},"loc":{"start":{"line":9,"column":73},"end":{"line":22,"column":1}},"line":9},"1":{"name":"(anonymous_1)","decl":{"start":{"line":24,"column":37},"end":{"line":24,"column":38}},"loc":{"start":{"line":24,"column":63},"end":{"line":38,"column":1}},"line":24},"2":{"name":"(anonymous_2)","decl":{"start":{"line":40,"column":22},"end":{"line":40,"column":23}},"loc":{"start":{"line":40,"column":48},"end":{"line":75,"column":1}},"line":40},"3":{"name":"(anonymous_3)","decl":{"start":{"line":61,"column":33},"end":{"line":61,"column":34}},"loc":{"start":{"line":61,"column":51},"end":{"line":71,"column":5}},"line":61},"4":{"name":"(anonymous_4)","decl":{"start":{"line":70,"column":23},"end":{"line":70,"column":24}},"loc":{"start":{"line":70,"column":29},"end":{"line":70,"column":82}},"line":70},"5":{"name":"(anonymous_5)","decl":{"start":{"line":77,"column":37},"end":{"line":77,"column":38}},"loc":{"start":{"line":77,"column":63},"end":{"line":84,"column":1}},"line":77},"6":{"name":"(anonymous_6)","decl":{"start":{"line":86,"column":23},"end":{"line":86,"column":24}},"loc":{"start":{"line":86,"column":49},"end":{"line":108,"column":1}},"line":86},"7":{"name":"(anonymous_7)","decl":{"start":{"line":110,"column":30},"end":{"line":110,"column":31}},"loc":{"start":{"line":110,"column":56},"end":{"line":127,"column":1}},"line":110},"8":{"name":"(anonymous_8)","decl":{"start":{"line":129,"column":28},"end":{"line":129,"column":29}},"loc":{"start":{"line":129,"column":54},"end":{"line":142,"column":1}},"line":129}},"branchMap":{"0":{"loc":{"start":{"line":14,"column":4},"end":{"line":18,"column":5}},"type":"if","locations":[{"start":{"line":14,"column":4},"end":{"line":18,"column":5}},{"start":{"line":16,"column":11},"end":{"line":18,"column":5}}],"line":14},"1":{"loc":{"start":{"line":27,"column":4},"end":{"line":30,"column":5}},"type":"if","locations":[{"start":{"line":27,"column":4},"end":{"line":30,"column":5}},{"start":{},"end":{}}],"line":27},"2":{"loc":{"start":{"line":44,"column":4},"end":{"line":47,"column":5}},"type":"if","locations":[{"start":{"line":44,"column":4},"end":{"line":47,"column":5}},{"start":{},"end":{}}],"line":44},"3":{"loc":{"start":{"line":48,"column":4},"end":{"line":51,"column":5}},"type":"if","locations":[{"start":{"line":48,"column":4},"end":{"line":51,"column":5}},{"start":{},"end":{}}],"line":48},"4":{"loc":{"start":{"line":52,"column":4},"end":{"line":60,"column":5}},"type":"if","locations":[{"start":{"line":52,"column":4},"end":{"line":60,"column":5}},{"start":{},"end":{}}],"line":52},"5":{"loc":{"start":{"line":53,"column":6},"end":{"line":59,"column":7}},"type":"if","locations":[{"start":{"line":53,"column":6},"end":{"line":59,"column":7}},{"start":{"line":56,"column":13},"end":{"line":59,"column":7}}],"line":53},"6":{"loc":{"start":{"line":62,"column":6},"end":{"line":68,"column":7}},"type":"if","locations":[{"start":{"line":62,"column":6},"end":{"line":68,"column":7}},{"start":{},"end":{}}],"line":62},"7":{"loc":{"start":{"line":79,"column":4},"end":{"line":79,"column":38}},"type":"if","locations":[{"start":{"line":79,"column":4},"end":{"line":79,"column":38}},{"start":{},"end":{}}],"line":79},"8":{"loc":{"start":{"line":88,"column":2},"end":{"line":91,"column":3}},"type":"if","locations":[{"start":{"line":88,"column":2},"end":{"line":91,"column":3}},{"start":{},"end":{}}],"line":88},"9":{"loc":{"start":{"line":88,"column":6},"end":{"line":88,"column":37}},"type":"binary-expr","locations":[{"start":{"line":88,"column":6},"end":{"line":88,"column":11}},{"start":{"line":88,"column":15},"end":{"line":88,"column":24}},{"start":{"line":88,"column":28},"end":{"line":88,"column":37}}],"line":88},"10":{"loc":{"start":{"line":93,"column":2},"end":{"line":96,"column":3}},"type":"if","locations":[{"start":{"line":93,"column":2},"end":{"line":96,"column":3}},{"start":{},"end":{}}],"line":93},"11":{"loc":{"start":{"line":93,"column":6},"end":{"line":93,"column":78}},"type":"binary-expr","locations":[{"start":{"line":93,"column":6},"end":{"line":93,"column":40}},{"start":{"line":93,"column":44},"end":{"line":93,"column":78}}],"line":93},"12":{"loc":{"start":{"line":99,"column":4},"end":{"line":102,"column":5}},"type":"if","locations":[{"start":{"line":99,"column":4},"end":{"line":102,"column":5}},{"start":{},"end":{}}],"line":99},"13":{"loc":{"start":{"line":113,"column":4},"end":{"line":116,"column":5}},"type":"if","locations":[{"start":{"line":113,"column":4},"end":{"line":116,"column":5}},{"start":{},"end":{}}],"line":113},"14":{"loc":{"start":{"line":113,"column":8},"end":{"line":113,"column":30}},"type":"binary-expr","locations":[{"start":{"line":113,"column":8},"end":{"line":113,"column":17}},{"start":{"line":113,"column":21},"end":{"line":113,"column":30}}],"line":113},"15":{"loc":{"start":{"line":118,"column":4},"end":{"line":120,"column":5}},"type":"if","locations":[{"start":{"line":118,"column":4},"end":{"line":120,"column":5}},{"start":{},"end":{}}],"line":118},"16":{"loc":{"start":{"line":131,"column":2},"end":{"line":134,"column":3}},"type":"if","locations":[{"start":{"line":131,"column":2},"end":{"line":134,"column":3}},{"start":{},"end":{}}],"line":131}},"s":{"0":1,"1":1,"2":1,"3":1,"4":1,"5":1,"6":1,"7":2,"8":2,"9":2,"10":2,"11":1,"12":1,"13":0,"14":1,"15":1,"16":1,"17":1,"18":0,"19":0,"20":1,"21":0,"22":1,"23":12,"24":12,"25":12,"26":12,"27":2,"28":2,"29":10,"30":0,"31":0,"32":10,"33":1,"34":0,"35":0,"36":1,"37":1,"38":9,"39":9,"40":5,"41":5,"42":5,"43":4,"44":4,"45":4,"46":0,"47":1,"48":1,"49":1,"50":1,"51":1,"52":0,"53":1,"54":7,"55":7,"56":3,"57":3,"58":4,"59":2,"60":2,"61":2,"62":2,"63":2,"64":1,"65":1,"66":1,"67":1,"68":0,"69":1,"70":0,"71":0,"72":0,"73":0,"74":0,"75":0,"76":0,"77":0,"78":0,"79":0,"80":0,"81":0,"82":1,"83":0,"84":0,"85":0,"86":0,"87":0,"88":0,"89":0,"90":0,"91":0,"92":1},"f":{"0":2,"1":1,"2":12,"3":9,"4":4,"5":1,"6":7,"7":0,"8":0},"b":{"0":[1,1],"1":[0,1],"2":[2,10],"3":[0,10],"4":[1,9],"5":[0,1],"6":[5,4],"7":[1,0],"8":[3,4],"9":[7,6,5],"10":[2,2],"11":[4,3],"12":[1,1],"13":[0,0],"14":[0,0],"15":[0,0],"16":[0,0]},"_coverageSchema":"1a1c01bbd47fc00a2c39e90264f33305004495a9","hash":"834e158f1f6d74cd39e9b6539826cfecf5569e0c"}
,"D:\\Programming\\Upenn\\CIS350\\project-pennpack\\server\\tests\\setUp.js": {"path":"D:\\Programming\\Upenn\\CIS350\\project-pennpack\\server\\tests\\setUp.js","statementMap":{"0":{"start":{"line":1,"column":14},"end":{"line":1,"column":121}},"1":{"start":{"line":2,"column":0},"end":{"line":2,"column":27}}},"fnMap":{},"branchMap":{},"s":{"0":1,"1":1},"f":{},"b":{},"_coverageSchema":"1a1c01bbd47fc00a2c39e90264f33305004495a9","hash":"cd159b9ae450f352e9344aaa615721a657b6e272"}
}
