TN:
SF:config.js
FN:16,get
FNF:1
FNH:1
FNDA:2,get
DA:5,1
DA:16,1
DA:17,2
LF:3
LH:3
BRDA:17,0,0,2
BRDA:17,0,1,2
BRF:2
BRH:2
end_of_record
TN:
SF:middlewares\authenticator.js
FN:4,(anonymous_0)
FNF:1
FNH:1
FNDA:6,(anonymous_0)
DA:1,1
DA:2,1
DA:4,1
DA:5,6
DA:8,6
DA:9,2
DA:11,4
DA:12,4
DA:13,4
DA:14,4
DA:16,0
DA:20,1
LF:12
LH:11
BRDA:8,0,0,2
BRDA:8,0,1,4
BRF:2
BRH:2
end_of_record
TN:
SF:models\userModel.js
FN:21,hashPass
FN:29,unhashPass
FN:30,(anonymous_2)
FNF:3
FNH:3
FNDA:25,hashPass
FNDA:11,unhashPass
FNDA:11,(anonymous_2)
DA:1,1
DA:3,1
DA:5,1
DA:9,1
DA:21,1
DA:22,25
DA:23,21
DA:24,21
DA:29,1
DA:30,11
DA:31,11
DA:32,0
DA:34,11
DA:52,1
DA:54,1
LF:15
LH:14
BRDA:22,0,0,21
BRDA:22,0,1,4
BRDA:31,1,0,0
BRDA:31,1,1,11
BRF:4
BRH:3
end_of_record
TN:
SF:routers\accounts.js
FN:9,(anonymous_0)
FN:24,(anonymous_1)
FN:40,(anonymous_2)
FN:61,(anonymous_3)
FN:70,(anonymous_4)
FN:77,(anonymous_5)
FN:86,(anonymous_6)
FN:110,(anonymous_7)
FN:129,(anonymous_8)
FNF:9
FNH:9
FNDA:2,(anonymous_0)
FNDA:1,(anonymous_1)
FNDA:14,(anonymous_2)
FNDA:11,(anonymous_3)
FNDA:4,(anonymous_4)
FNDA:1,(anonymous_5)
FNDA:7,(anonymous_6)
FNDA:4,(anonymous_7)
FNDA:2,(anonymous_8)
DA:1,1
DA:2,1
DA:3,1
DA:4,1
DA:5,1
DA:7,1
DA:9,1
DA:10,2
DA:11,2
DA:12,2
DA:14,2
DA:15,1
DA:17,1
DA:20,0
DA:24,1
DA:25,1
DA:26,1
DA:27,1
DA:28,0
DA:29,0
DA:31,1
DA:36,0
DA:40,1
DA:41,14
DA:42,14
DA:43,14
DA:44,14
DA:45,2
DA:46,2
DA:48,12
DA:49,0
DA:50,0
DA:52,12
DA:53,1
DA:54,0
DA:55,0
DA:57,1
DA:58,1
DA:61,11
DA:62,11
DA:63,7
DA:64,7
DA:67,7
DA:69,4
DA:70,4
DA:73,0
DA:77,1
DA:78,1
DA:79,1
DA:80,1
DA:82,0
DA:86,1
DA:87,7
DA:88,7
DA:89,3
DA:90,3
DA:93,4
DA:94,2
DA:95,2
DA:97,2
DA:98,2
DA:99,2
DA:100,1
DA:101,1
DA:103,1
DA:104,1
DA:106,0
DA:110,1
DA:111,4
DA:112,4
DA:113,4
DA:114,2
DA:115,2
DA:117,2
DA:118,2
DA:119,1
DA:121,2
DA:122,1
DA:123,1
DA:125,1
DA:129,1
DA:130,2
DA:131,2
DA:132,1
DA:133,1
DA:135,1
DA:136,1
DA:137,1
DA:138,1
DA:140,0
DA:144,1
LF:91
LH:79
BRDA:14,0,0,1
BRDA:14,0,1,1
BRDA:27,1,0,0
BRDA:27,1,1,1
BRDA:44,2,0,2
BRDA:44,2,1,12
BRDA:48,3,0,0
BRDA:48,3,1,12
BRDA:52,4,0,1
BRDA:52,4,1,11
BRDA:53,5,0,0
BRDA:53,5,1,1
BRDA:62,6,0,7
BRDA:62,6,1,4
BRDA:79,7,0,1
BRDA:79,7,1,0
BRDA:88,8,0,3
BRDA:88,8,1,4
BRDA:88,9,0,7
BRDA:88,9,1,6
BRDA:88,9,2,5
BRDA:93,10,0,2
BRDA:93,10,1,2
BRDA:93,11,0,4
BRDA:93,11,1,3
BRDA:99,12,0,1
BRDA:99,12,1,1
BRDA:113,13,0,2
BRDA:113,13,1,2
BRDA:113,14,0,4
BRDA:113,14,1,3
BRDA:118,15,0,1
BRDA:118,15,1,1
BRDA:131,16,0,1
BRDA:131,16,1,1
BRF:35
BRH:31
end_of_record
TN:
SF:tests\setUp.js
FNF:0
FNH:0
DA:1,1
DA:2,1
LF:2
LH:2
BRF:0
BRH:0
end_of_record
